<?xml version="1.0" encoding="UTF-8"?>
<testng-results skipped="0" failed="0" ignored="0" total="2" passed="2">
  <reporter-output>
  </reporter-output>
  <suite name="Suite" duration-ms="40131" started-at="2021-01-16T17:21:31 IST" finished-at="2021-01-16T17:22:12 IST">
    <groups>
    </groups>
    <test name="Test" duration-ms="40131" started-at="2021-01-16T17:21:31 IST" finished-at="2021-01-16T17:22:12 IST">
      <class name="com.imdb.test.ImdbTest">
        <test-method status="PASS" signature="setUp()[pri:0, instance:com.imdb.test.ImdbTest@2d127a61]" name="setUp" is-config="true" duration-ms="1729" started-at="2021-01-16T17:21:31 IST" finished-at="2021-01-16T17:21:33 IST">
          <reporter-output>
          </reporter-output>
        </test-method> <!-- setUp -->
        <test-method status="PASS" signature="loginToImdb()[pri:0, instance:com.imdb.test.ImdbTest@2d127a61]" name="loginToImdb" duration-ms="13814" started-at="2021-01-16T17:21:33 IST" finished-at="2021-01-16T17:21:47 IST">
          <reporter-output>
          </reporter-output>
        </test-method> <!-- loginToImdb -->
        <test-method status="PASS" signature="shortMovieBydateAndgetReleaseDate()[pri:0, instance:com.imdb.test.ImdbTest@2d127a61]" name="shortMovieBydateAndgetReleaseDate" duration-ms="24295" started-at="2021-01-16T17:21:47 IST" finished-at="2021-01-16T17:22:11 IST">
          <reporter-output>
          </reporter-output>
        </test-method> <!-- shortMovieBydateAndgetReleaseDate -->
        <test-method status="PASS" signature="teardown()[pri:0, instance:com.imdb.test.ImdbTest@2d127a61]" name="teardown" is-config="true" duration-ms="267" started-at="2021-01-16T17:22:11 IST" finished-at="2021-01-16T17:22:12 IST">
          <reporter-output>
          </reporter-output>
        </test-method> <!-- teardown -->
      </class> <!-- com.imdb.test.ImdbTest -->
    </test> <!-- Test -->
  </suite> <!-- Suite -->
</testng-results>
